timestamp: 2022-03-31T22:40:25.865211
CREATE TABLE "auth_user"(
    "id" INTEGER PRIMARY KEY AUTOINCREMENT,
    "username" CHAR(512) UNIQUE,
    "email" CHAR(512) UNIQUE,
    "password" CHAR(512),
    "first_name" CHAR(512),
    "last_name" CHAR(512),
    "sso_id" CHAR(512),
    "action_token" CHAR(512),
    "last_password_change" TIMESTAMP,
    "past_passwords_hash" TEXT
);
success!
timestamp: 2022-03-31T22:40:25.874219
CREATE TABLE "auth_user_tag_groups"(
    "id" INTEGER PRIMARY KEY AUTOINCREMENT,
    "tagpath" CHAR(512),
    "record_id" INTEGER REFERENCES "auth_user" ("id") ON DELETE CASCADE  
);
success!
timestamp: 2022-05-05T17:44:49.692548
CREATE TABLE "event"(
    "id" INTEGER PRIMARY KEY AUTOINCREMENT,
    "event_title" CHAR(512),
    "event_image" CHAR(512),
    "event_location" CHAR(512),
    "event_description" CHAR(512),
    "event_attachment" CHAR(512),
    "user_email" CHAR(512)
);
success!
